<?xml version="1.0" encoding="UTF-8"?>
<!-- Generated by org.testng.reporters.JUnitReportReporter -->
<testsuite hostname="DESKTOP-QLJF0O1" failures="0" tests="1" name="DataDriven.WriteExcel" time="3.226" errors="0" timestamp="2024-01-24T13:05:03 IST" skipped="0">
  <testcase classname="DataDriven.WriteExcel" name="ExcleWrite" time="3.226"/>
</testsuite> <!-- DataDriven.WriteExcel -->
