<?xml version="1.0" encoding="UTF-8"?>
<!-- Generated by org.testng.reporters.JUnitReportReporter -->
<testsuite hostname="DESKTOP-QLJF0O1" failures="0" tests="2" name="Testng_frame_Day1.Grouping" time="0.033" errors="0" timestamp="2024-01-10T16:55:34 IST" skipped="0">
  <testcase classname="Testng_frame_Day1.Grouping" name="loginbyFacebook" time="0.027"/>
  <testcase classname="Testng_frame_Day1.Grouping" name="loginbyTwitter" time="0.006"/>
</testsuite> <!-- Testng_frame_Day1.Grouping -->
