<?xml version="1.0" encoding="UTF-8"?>
<!-- Generated by org.testng.reporters.JUnitReportReporter -->
<testsuite hostname="DESKTOP-QLJF0O1" failures="0" tests="1" name="DataDriven.extra" time="2.648" errors="0" timestamp="2024-01-29T14:53:51 IST" skipped="0">
  <testcase classname="DataDriven.extra" name="ExcelWrite" time="2.648"/>
</testsuite> <!-- DataDriven.extra -->
