<?xml version="1.0" encoding="UTF-8"?>
<!-- Generated by org.testng.reporters.JUnitReportReporter -->
<testsuite hostname="DESKTOP-QLJF0O1" failures="0" tests="2" name="Testng_frame_Day1.Annotation_class" time="0.024" errors="0" timestamp="2024-01-03T17:11:29 IST" skipped="0">
  <testcase classname="Testng_frame_Day1.Annotation_class" name="search" time="0.019"/>
  <testcase classname="Testng_frame_Day1.Annotation_class" name="addproduct" time="0.005"/>
</testsuite> <!-- Testng_frame_Day1.Annotation_class -->
