<?xml version="1.0" encoding="UTF-8"?>
<!-- Generated by org.testng.reporters.JUnitReportReporter -->
<testsuite hostname="DESKTOP-QLJF0O1" failures="0" tests="1" name="Testng_frame_Day1.Annotation_Test1" time="0.016" errors="0" timestamp="2024-01-03T15:22:45 IST" skipped="0">
  <testcase classname="Testng_frame_Day1.Annotation_Test1" name="abc" time="0.016"/>
</testsuite> <!-- Testng_frame_Day1.Annotation_Test1 -->
