<?xml version="1.0" encoding="UTF-8"?>
<!-- Generated by org.testng.reporters.JUnitReportReporter -->
<testsuite hostname="DESKTOP-QLJF0O1" failures="0" tests="1" name="CluodTesla.CloudTesla" time="31.355" errors="0" timestamp="2024-02-01T12:47:39 IST" skipped="0">
  <testcase classname="CluodTesla.CloudTesla" name="signup" time="31.355"/>
</testsuite> <!-- CluodTesla.CloudTesla -->
