<?xml version="1.0" encoding="UTF-8"?>
<!-- Generated by org.testng.reporters.JUnitReportReporter -->
<testsuite hostname="DESKTOP-QLJF0O1" failures="0" tests="2" name="Testng_frame_Day1.ParellelTesting" time="37.459" errors="0" timestamp="2024-01-11T10:23:32 IST" skipped="0">
  <testcase classname="Testng_frame_Day1.ParellelTesting" name="launch" time="18.660"/>
  <testcase classname="Testng_frame_Day1.ParellelTesting" name="launch" time="18.799"/>
</testsuite> <!-- Testng_frame_Day1.ParellelTesting -->
