<?xml version="1.0" encoding="UTF-8"?>
<!-- Generated by org.testng.reporters.JUnitReportReporter -->
<testsuite hostname="DESKTOP-QLJF0O1" failures="0" tests="1" name="Testng_frame_Day1.class2" time="0.014" errors="0" timestamp="2024-01-03T15:14:05 IST" skipped="0">
  <testcase classname="Testng_frame_Day1.class2" name="abc1" time="0.014"/>
</testsuite> <!-- Testng_frame_Day1.class2 -->
