<?xml version="1.0" encoding="UTF-8"?>
<!-- Generated by org.testng.reporters.JUnitReportReporter -->
<testsuite hostname="DESKTOP-QLJF0O1" failures="0" tests="2" name="Testng_frame_Day1.Testng" time="0.056" errors="0" timestamp="2024-01-03T15:14:05 IST" skipped="0">
  <testcase classname="Testng_frame_Day1.Testng" name="search" time="0.035"/>
  <testcase classname="Testng_frame_Day1.Testng" name="addproduct" time="0.021"/>
</testsuite> <!-- Testng_frame_Day1.Testng -->
