<?xml version="1.0" encoding="UTF-8"?>
<!-- Generated by org.testng.reporters.JUnitReportReporter -->
<testsuite hostname="DESKTOP-QLJF0O1" failures="0" tests="2" name="Testng_frame_Day1.Annotation1" time="0.019" errors="0" timestamp="2024-01-03T15:14:05 IST" skipped="0">
  <testcase classname="Testng_frame_Day1.Annotation1" name="search" time="0.014"/>
  <testcase classname="Testng_frame_Day1.Annotation1" name="addproduct" time="0.005"/>
</testsuite> <!-- Testng_frame_Day1.Annotation1 -->
