<?xml version="1.0" encoding="UTF-8"?>
<!-- Generated by org.testng.reporters.JUnitReportReporter -->
<testsuite hostname="DESKTOP-QLJF0O1" failures="0" tests="2" name="Testng_frame_Day1.Annotation_method" time="0.047" errors="0" timestamp="2024-01-03T15:22:45 IST" skipped="0">
  <testcase classname="Testng_frame_Day1.Annotation_method" name="search" time="0.037"/>
  <testcase classname="Testng_frame_Day1.Annotation_method" name="addproduct" time="0.010"/>
</testsuite> <!-- Testng_frame_Day1.Annotation_method -->
