<?xml version="1.0" encoding="UTF-8"?>
<!-- Generated by org.testng.reporters.JUnitReportReporter -->
<testsuite hostname="DESKTOP-QLJF0O1" failures="0" tests="1" name="Tasks.Annotation_Test1" time="1.959" errors="0" timestamp="2024-01-03T21:20:14 IST" skipped="0">
  <testcase classname="Tasks.Annotation_Test1" name="login" time="1.959"/>
</testsuite> <!-- Tasks.Annotation_Test1 -->
