<?xml version="1.0" encoding="UTF-8"?>
<!-- Generated by org.testng.reporters.JUnitReportReporter -->
<testsuite hostname="DESKTOP-QLJF0O1" failures="0" tests="2" name="Tasks.Annotation_class" time="2.621" errors="0" timestamp="2024-01-03T21:42:25 IST" skipped="0">
  <testcase classname="Tasks.Annotation_class" name="login" time="1.927"/>
  <testcase classname="Tasks.Annotation_class" name="logout" time="0.694"/>
</testsuite> <!-- Tasks.Annotation_class -->
