<?xml version="1.0" encoding="UTF-8"?>
<!-- Generated by org.testng.reporters.JUnitReportReporter -->
<testsuite hostname="DESKTOP-QLJF0O1" failures="0" tests="4" name="Tasks.Swag_labs" time="3.128" errors="0" timestamp="2024-01-19T14:19:05 IST" skipped="0">
  <testcase classname="Tasks.Swag_labs" name="login" time="0.801"/>
  <testcase classname="Tasks.Swag_labs" name="dropdown" time="0.844"/>
  <testcase classname="Tasks.Swag_labs" name="addTocart" time="0.320"/>
  <testcase classname="Tasks.Swag_labs" name="checkout" time="1.163"/>
</testsuite> <!-- Tasks.Swag_labs -->
