<?xml version="1.0" encoding="UTF-8"?>
<!-- Generated by org.testng.reporters.JUnitReportReporter -->
<testsuite hostname="DESKTOP-QLJF0O1" failures="0" tests="1" name="DataDriven.TestCase" time="30.990" errors="0" timestamp="2024-01-29T10:22:24 IST" skipped="0">
  <testcase classname="DataDriven.TestCase" name="login" time="30.990"/>
</testsuite> <!-- DataDriven.TestCase -->
