<?xml version="1.0" encoding="UTF-8"?>
<!-- Generated by org.testng.reporters.JUnitReportReporter -->
<testsuite hostname="DESKTOP-QLJF0O1" failures="0" tests="1" name="Tasks.Annotation_method" time="14.384" errors="0" timestamp="2024-01-03T21:44:00 IST" skipped="0">
  <testcase classname="Tasks.Annotation_method" name="login" time="14.384"/>
</testsuite> <!-- Tasks.Annotation_method -->
