<?xml version="1.0" encoding="UTF-8"?>
<!-- Generated by org.testng.reporters.JUnitReportReporter -->
<testsuite hostname="DESKTOP-QLJF0O1" failures="0" tests="1" name="Testng_frame_Day1.Assertions" time="0.050" errors="0" timestamp="2024-01-10T15:46:52 IST" skipped="0">
  <testcase classname="Testng_frame_Day1.Assertions" name="test" time="0.050"/>
</testsuite> <!-- Testng_frame_Day1.Assertions -->
